app/build/outputs/logs/manifest-merger-debug-report.txt
-- Merging decision tree log ---
manifest
ADDED from src\main\AndroidManifest.xml:2:1-721:12
	package
		ADDED from src\main\AndroidManifest.xml:4:5-28
		INJECTED from src\main\AndroidManifest.xml
		INJECTED from src\main\AndroidManifest.xml
	android:versionName
		ADDED from src\main\AndroidManifest.xml:6:5-33
		INJECTED from src\main\AndroidManifest.xml
		INJECTED from src\main\AndroidManifest.xml
	xmlns:tools
		ADDED from src\main\AndroidManifest.xml:3:5-51
	android:versionCode
		ADDED from src\main\AndroidManifest.xml:5:5-29
		INJECTED from src\main\AndroidManifest.xml
		INJECTED from src\main\AndroidManifest.xml
	xmlns:android
		ADDED from src\main\AndroidManifest.xml:2:11-69
uses-sdk
ADDED from src\main\AndroidManifest.xml:8:5-11:64
MERGED from [com.android.support:multidex:1.0.1] AndroidManifest.xml:18:5-42
MERGED from [hmyg203:appcompat_v7_hmyg_model:unspecified] AndroidManifest.xml:20:5-44
MERGED from [com.android.support.constraint:constraint-layout:1.0.1] AndroidManifest.xml:5:5-7:41
	tools:overrideLibrary
		ADDED from src\main\AndroidManifest.xml:11:9-61
	android:targetSdkVersion
		ADDED from src\main\AndroidManifest.xml:10:9-38
		INJECTED from src\main\AndroidManifest.xml
		INJECTED from src\main\AndroidManifest.xml
	android:minSdkVersion
		ADDED from src\main\AndroidManifest.xml:9:9-35
		INJECTED from src\main\AndroidManifest.xml
		INJECTED from src\main\AndroidManifest.xml
uses-permission#android.permission.VIBRATE
ADDED from src\main\AndroidManifest.xml:13:5-66
	android:name
		ADDED from src\main\AndroidManifest.xml:13:22-63
uses-permission#android.permission.MOUNT_UNMOUNT_FILESYSTEMS
ADDED from src\main\AndroidManifest.xml:14:5-84
	android:name
		ADDED from src\main\AndroidManifest.xml:14:22-81
uses-permission#android.permission.CAMERA
ADDED from src\main\AndroidManifest.xml:15:5-81
	android:name
		ADDED from src\main\AndroidManifest.xml:15:22-62
uses-permission#android.permission.WRITE_EXTERNAL_STORAGE
ADDED from src\main\AndroidManifest.xml:16:5-97
	android:name
		ADDED from src\main\AndroidManifest.xml:16:22-78
uses-feature#android.hardware.camera
ADDED from src\main\AndroidManifest.xml:18:5-60
	android:name
		ADDED from src\main\AndroidManifest.xml:18:19-57
uses-feature#android.hardware.camera.         autofocus
ADDED from src\main\AndroidManifest.xml:18:5-20:23
	android:name
		ADDED from src\main\AndroidManifest.xml:18:5-20:23
uses-permission#android.permission.FLASHLIGHT
ADDED from src\main\AndroidManifest.xml:22:5-23:69
	android:name
		ADDED from src\main\AndroidManifest.xml:23:9-62
permission#com.hldj.hmyg.permission.JPUSH_MESSAGE
ADDED from src\main\AndroidManifest.xml:28:5-47
	android:protectionLevel
		ADDED from src\main\AndroidManifest.xml:28:5-47
	android:name
		ADDED from src\main\AndroidManifest.xml:28:22-64
uses-permission#com.hldj.hmyg.permission.JPUSH_MESSAGE
ADDED from src\main\AndroidManifest.xml:31:5-78
	android:name
		ADDED from src\main\AndroidManifest.xml:31:22-78
uses-permission#android.permission.RECEIVE_USER_PRESENT
ADDED from src\main\AndroidManifest.xml:32:5-79
	android:name
		ADDED from src\main\AndroidManifest.xml:32:22-77
uses-permission#android.permission.INTERNET
ADDED from src\main\AndroidManifest.xml:32:5-33:67
	android:name
		ADDED from src\main\AndroidManifest.xml:32:22-63
uses-permission#android.permission.WAKE_LOCK
ADDED from src\main\AndroidManifest.xml:34:5-68
	android:name
		ADDED from src\main\AndroidManifest.xml:34:22-76
uses-permission#android.permission.READ_PHONE_STATE
ADDED from src\main\AndroidManifest.xml:33:5-35:75
	android:name
		ADDED from src\main\AndroidManifest.xml:33:22-70
uses-permission#android.permission.READ_EXTERNAL_STORAGE
ADDED from src\main\AndroidManifest.xml:36:5-37:80
	android:name
		ADDED from src\main\AndroidManifest.xml:36:22-73
uses-permission#android.permission.ACCESS_NETWORK_STATE
ADDED from src\main\AndroidManifest.xml:40:5-79
	android:name
		ADDED from src\main\AndroidManifest.xml:40:22-76
uses-permission#android.permission.WRITE_SETTINGS
ADDED from src\main\AndroidManifest.xml:41:5-73
	android:name
		ADDED from src\main\AndroidManifest.xml:41:22-64
uses-permission#android.permission.ACCESS_COARSE_LOCATION
ADDED from src\main\AndroidManifest.xml:44:5-81
	android:name
		ADDED from src\main\AndroidManifest.xml:44:5-81
uses-permission#android.permission.ACCESS_WIFI_STATE
ADDED from src\main\AndroidManifest.xml:45:5-76
	android:name
		ADDED from src\main\AndroidManifest.xml:45:22-78
uses-permission#android.permission.CHANGE_WIFI_STATE
ADDED from src\main\AndroidManifest.xml:46:5-76
	android:name
		ADDED from src\main\AndroidManifest.xml:46:22-76
uses-permission#android.permission.ACCESS_FINE_LOCATION
ADDED from src\main\AndroidManifest.xml:47:5-79
	android:name
		ADDED from src\main\AndroidManifest.xml:47:5-79
uses-permission#android.permission.ACCESS_LOCATION_EXTRA_COMMANDS
ADDED from src\main\AndroidManifest.xml:48:5-89
	android:name
		ADDED from src\main\AndroidManifest.xml:48:5-89
uses-permission#android.permission.CHANGE_NETWORK_STATE
ADDED from src\main\AndroidManifest.xml:49:5-79
	android:name
		ADDED from src\main\AndroidManifest.xml:49:22-72
uses-permission#android.permission.GET_TASKS
ADDED from src\main\AndroidManifest.xml:59:5-68
	android:name
		ADDED from src\main\AndroidManifest.xml:59:22-76
uses-permission#android.permission.BLUETOOTH
ADDED from src\main\AndroidManifest.xml:60:5-68
	android:name
		ADDED from src\main\AndroidManifest.xml:60:5-68
uses-permission#android.permission.READ_LOGS
ADDED from src\main\AndroidManifest.xml:67:5-69:68
	android:name
		ADDED from src\main\AndroidManifest.xml:67:22-59
uses-permission#android.permission.CALL_PHONE
ADDED from src\main\AndroidManifest.xml:87:9-88:69
	android:name
		ADDED from src\main\AndroidManifest.xml:88:13-54
uses-permission#org.simalliance.openmobileapi.SMARTCARD
ADDED from src\main\AndroidManifest.xml:93:17-94:79
	android:name
		ADDED from src\main\AndroidManifest.xml:93:27-73
uses-permission#android.permission.NFC
ADDED from src\main\AndroidManifest.xml:94:9-95:62
	android:name
		ADDED from src\main\AndroidManifest.xml:95:13-67
uses-feature#android.hardware.nfc.hce
ADDED from src\main\AndroidManifest.xml:93:9-97:61
	android:name
		ADDED from src\main\AndroidManifest.xml:94:13-67
uses-permission#android.permission.MANAGE_ACCOUNTS
ADDED from src\main\AndroidManifest.xml:104:9-106:74
	android:name
		ADDED from src\main\AndroidManifest.xml:105:13-53
uses-permission#android.permission.GET_ACCOUNTS
ADDED from src\main\AndroidManifest.xml:107:9-71
	android:name
		ADDED from src\main\AndroidManifest.xml:107:9-71
uses-permission#android.permission.BLUETOOTH_ADMIN
ADDED from src\main\AndroidManifest.xml:109:9-110:74
	android:name
		ADDED from src\main\AndroidManifest.xml:110:13-56
application
ADDED from src\main\AndroidManifest.xml:116:9-718:19
MERGED from [hmyg203:appcompat_v7_hmyg_model:unspecified] AndroidManifest.xml:22:5-20
MERGED from [com.android.support.constraint:constraint-layout:1.0.1] AndroidManifest.xml:9:5-20
	android:label
		ADDED from src\main\AndroidManifest.xml:116:9-718:19
	xmlns:tools
		ADDED from src\main\AndroidManifest.xml:116:9-718:19
	android:allowBackup
		ADDED from src\main\AndroidManifest.xml:116:9-718:19
	android:icon
		ADDED from src\main\AndroidManifest.xml:116:9-718:19
	android:theme
		ADDED from src\main\AndroidManifest.xml:253:13-57
	tools:replace
		ADDED from src\main\AndroidManifest.xml:116:9-718:19
	android:name
		ADDED from src\main\AndroidManifest.xml:117:13-52
activity#com.example.sortlistview.ActivityAddFriends
ADDED from src\main\AndroidManifest.xml:119:9-122:61
	android:screenOrientation
		ADDED from src\main\AndroidManifest.xml:122:13-49
	android:name
		ADDED from src\main\AndroidManifest.xml:120:13-58
activity#com.hldj.hmyg.SplashActivity
ADDED from src\main\AndroidManifest.xml:125:9-132:20
	android:screenOrientation
		ADDED from src\main\AndroidManifest.xml:127:13-49
	android:theme
		ADDED from src\main\AndroidManifest.xml:125:9-132:20
	android:name
		ADDED from src\main\AndroidManifest.xml:126:13-74
intent-filter#android.intent.action.MAIN+android.intent.category.LAUNCHER
ADDED from src\main\AndroidManifest.xml:125:9-131:29
action#android.intent.action.MAIN
ADDED from src\main\AndroidManifest.xml:127:9-128:69
	android:name
		ADDED from src\main\AndroidManifest.xml:128:13-82
category#android.intent.category.LAUNCHER
ADDED from src\main\AndroidManifest.xml:129:9-130:77
	android:name
		ADDED from src\main\AndroidManifest.xml:130:13-74
activity#com.hldj.hmyg.MainActivity
ADDED from src\main\AndroidManifest.xml:133:9-150:20
	android:screenOrientation
		ADDED from src\main\AndroidManifest.xml:136:13-49
	android:launchMode
		ADDED from src\main\AndroidManifest.xml:135:13-44
	android:name
		ADDED from src\main\AndroidManifest.xml:134:13-52
intent-filter#android.intent.action.VIEW+android.intent.category.BROWSABLE+android.intent.category.DEFAULT
ADDED from src\main\AndroidManifest.xml:136:9-144:29
action#android.intent.action.VIEW
ADDED from src\main\AndroidManifest.xml:135:9-138:69
	android:name
		ADDED from src\main\AndroidManifest.xml:136:13-52
category#android.intent.category.DEFAULT
ADDED from src\main\AndroidManifest.xml:138:9-140:76
	android:name
		ADDED from src\main\AndroidManifest.xml:139:13-51
category#android.intent.category.BROWSABLE
ADDED from src\main\AndroidManifest.xml:139:9-141:78
	android:name
		ADDED from src\main\AndroidManifest.xml:140:13-57
data
ADDED from src\main\AndroidManifest.xml:142:9-143:51
	android:scheme
		ADDED from src\main\AndroidManifest.xml:142:9-143:51
intent-filter#android.intent.category.DEFAULT+com.jpush.hmeg.main
ADDED from src\main\AndroidManifest.xml:142:9-149:29
action#com.jpush.hmeg.main
ADDED from src\main\AndroidManifest.xml:145:9-146:62
	android:name
		ADDED from src\main\AndroidManifest.xml:146:13-55
activity#cn.hugo.android.scanner.CaptureActivity
ADDED from src\main\AndroidManifest.xml:155:9-156:72
	android:screenOrientation
		ADDED from src\main\AndroidManifest.xml:155:9-156:72
	android:windowSoftInputMode
		ADDED from src\main\AndroidManifest.xml:155:9-156:72
	android:configChanges
		ADDED from src\main\AndroidManifest.xml:155:9-156:72
	android:theme
		ADDED from src\main\AndroidManifest.xml:155:9-156:72
	android:name
		ADDED from src\main\AndroidManifest.xml:156:13-62
activity#com.hldj.hmyg.AActivity
ADDED from src\main\AndroidManifest.xml:157:9-160:61
	android:screenOrientation
		ADDED from src\main\AndroidManifest.xml:160:13-49
	android:launchMode
		ADDED from src\main\AndroidManifest.xml:159:13-44
	android:name
		ADDED from src\main\AndroidManifest.xml:158:13-61
activity#com.hldj.hmyg.BActivity
ADDED from src\main\AndroidManifest.xml:163:17-61
	android:screenOrientation
		ADDED from src\main\AndroidManifest.xml:163:17-61
	android:name
		ADDED from src\main\AndroidManifest.xml:163:27-73
activity#com.hldj.hmyg.CActivity
ADDED from src\main\AndroidManifest.xml:166:9-167:61
	android:screenOrientation
		ADDED from src\main\AndroidManifest.xml:166:9-167:61
	android:launchMode
		ADDED from src\main\AndroidManifest.xml:166:9-167:61
	android:name
		ADDED from src\main\AndroidManifest.xml:167:13-67
activity#com.hldj.hmyg.CActivity2
ADDED from src\main\AndroidManifest.xml:170:9-171:61
	android:screenOrientation
		ADDED from src\main\AndroidManifest.xml:170:9-171:61
	android:launchMode
		ADDED from src\main\AndroidManifest.xml:170:9-171:61
	android:name
		ADDED from src\main\AndroidManifest.xml:171:13-67
activity#com.hldj.hmyg.WebActivity
ADDED from src\main\AndroidManifest.xml:174:9-175:61
	android:screenOrientation
		ADDED from src\main\AndroidManifest.xml:174:9-175:61
	android:launchMode
		ADDED from src\main\AndroidManifest.xml:174:9-175:61
	android:name
		ADDED from src\main\AndroidManifest.xml:175:13-68
activity#com.hldj.hmyg.SeedlingMarketWebActivity
ADDED from src\main\AndroidManifest.xml:177:9-179:61
	android:screenOrientation
		ADDED from src\main\AndroidManifest.xml:179:13-49
	android:launchMode
		ADDED from src\main\AndroidManifest.xml:177:9-179:61
	android:name
		ADDED from src\main\AndroidManifest.xml:178:13-65
activity#com.hldj.hmyg.WeituoActivity
ADDED from src\main\AndroidManifest.xml:182:9-183:61
	android:screenOrientation
		ADDED from src\main\AndroidManifest.xml:182:9-183:61
	android:launchMode
		ADDED from src\main\AndroidManifest.xml:182:9-183:61
	android:name
		ADDED from src\main\AndroidManifest.xml:183:13-67
activity#com.hldj.hmyg.DActivity
ADDED from src\main\AndroidManifest.xml:185:9-187:61
	android:screenOrientation
		ADDED from src\main\AndroidManifest.xml:187:13-49
	android:launchMode
		ADDED from src\main\AndroidManifest.xml:185:9-187:61
	android:name
		ADDED from src\main\AndroidManifest.xml:186:13-71
activity#com.hldj.hmyg.DActivity2
ADDED from src\main\AndroidManifest.xml:190:9-191:61
	android:screenOrientation
		ADDED from src\main\AndroidManifest.xml:190:9-191:61
	android:launchMode
		ADDED from src\main\AndroidManifest.xml:190:9-191:61
	android:name
		ADDED from src\main\AndroidManifest.xml:191:13-66
activity#com.hldj.hmyg.buyer.DActivity3
ADDED from src\main\AndroidManifest.xml:193:9-195:61
	android:screenOrientation
		ADDED from src\main\AndroidManifest.xml:195:13-49
	android:launchMode
		ADDED from src\main\AndroidManifest.xml:193:9-195:61
	android:name
		ADDED from src\main\AndroidManifest.xml:194:13-72
activity#com.hldj.hmyg.buyer.PurchaseSearchListActivity
ADDED from src\main\AndroidManifest.xml:196:9-198:61
	android:screenOrientation
		ADDED from src\main\AndroidManifest.xml:198:13-49
	android:name
		ADDED from src\main\AndroidManifest.xml:197:13-75
activity#com.hldj.hmyg.buyer.PurchaseDemandListActivity
ADDED from src\main\AndroidManifest.xml:199:9-201:61
	android:screenOrientation
		ADDED from src\main\AndroidManifest.xml:201:13-49
	android:name
		ADDED from src\main\AndroidManifest.xml:200:13-67
activity#com.hldj.hmyg.buyer.PurchaseDemandConsumerListActivity
ADDED from src\main\AndroidManifest.xml:202:9-204:61
	android:screenOrientation
		ADDED from src\main\AndroidManifest.xml:204:13-49
	android:name
		ADDED from src\main\AndroidManifest.xml:203:13-62
activity#com.hldj.hmyg.buyer.PurchaseDemandItemActivity
ADDED from src\main\AndroidManifest.xml:205:9-207:61
	android:screenOrientation
		ADDED from src\main\AndroidManifest.xml:207:13-49
	android:name
		ADDED from src\main\AndroidManifest.xml:206:13-81
activity#com.hldj.hmyg.buyer.PurchaseDemandItem4BuyActivity
ADDED from src\main\AndroidManifest.xml:208:9-210:61
	android:screenOrientation
		ADDED from src\main\AndroidManifest.xml:210:13-49
	android:name
		ADDED from src\main\AndroidManifest.xml:209:13-73
activity#com.hldj.hmyg.DActivity4
ADDED from src\main\AndroidManifest.xml:213:9-214:61
	android:screenOrientation
		ADDED from src\main\AndroidManifest.xml:213:9-214:61
	android:launchMode
		ADDED from src\main\AndroidManifest.xml:213:9-214:61
	android:name
		ADDED from src\main\AndroidManifest.xml:214:13-70
activity#com.hldj.hmyg.DActivity5
ADDED from src\main\AndroidManifest.xml:217:9-218:61
	android:screenOrientation
		ADDED from src\main\AndroidManifest.xml:217:9-218:61
	android:launchMode
		ADDED from src\main\AndroidManifest.xml:217:9-218:61
	android:name
		ADDED from src\main\AndroidManifest.xml:218:13-58
activity#com.hldj.hmyg.EActivity
ADDED from src\main\AndroidManifest.xml:220:9-221:61
	android:screenOrientation
		ADDED from src\main\AndroidManifest.xml:220:9-221:61
	android:name
		ADDED from src\main\AndroidManifest.xml:221:13-60
activity#com.hldj.hmyg.SettingActivity
ADDED from src\main\AndroidManifest.xml:223:9-224:61
	android:screenOrientation
		ADDED from src\main\AndroidManifest.xml:223:9-224:61
	android:name
		ADDED from src\main\AndroidManifest.xml:224:13-61
activity#com.hldj.hmyg.SafeAcountActivity
ADDED from src\main\AndroidManifest.xml:227:9-228:61
	android:screenOrientation
		ADDED from src\main\AndroidManifest.xml:227:9-228:61
	android:launchMode
		ADDED from src\main\AndroidManifest.xml:227:9-228:61
	android:name
		ADDED from src\main\AndroidManifest.xml:228:13-70
activity#com.hldj.hmyg.StoreActivity
ADDED from src\main\AndroidManifest.xml:227:9-231:61
	android:screenOrientation
		ADDED from src\main\AndroidManifest.xml:230:13-49
	android:name
		ADDED from src\main\AndroidManifest.xml:228:13-70
activity#com.hldj.hmyg.store.StoreTypeActivity
ADDED from src\main\AndroidManifest.xml:232:9-234:61
	android:screenOrientation
		ADDED from src\main\AndroidManifest.xml:234:13-49
	android:name
		ADDED from src\main\AndroidManifest.xml:233:13-60
activity#com.meinvtupian.album.ImagePagerActivity
ADDED from src\main\AndroidManifest.xml:237:9-238:61
	android:screenOrientation
		ADDED from src\main\AndroidManifest.xml:237:9-238:61
	android:launchMode
		ADDED from src\main\AndroidManifest.xml:237:9-238:61
	android:name
		ADDED from src\main\AndroidManifest.xml:238:13-67
activity#com.hldj.hmyg.FlowerDetailActivity
ADDED from src\main\AndroidManifest.xml:240:9-241:61
	android:screenOrientation
		ADDED from src\main\AndroidManifest.xml:240:9-241:61
	android:name
		ADDED from src\main\AndroidManifest.xml:241:13-55
activity#com.hldj.hmyg.GalleryImageActivity
ADDED from src\main\AndroidManifest.xml:243:9-244:61
	android:screenOrientation
		ADDED from src\main\AndroidManifest.xml:243:9-244:61
	android:name
		ADDED from src\main\AndroidManifest.xml:244:13-55
activity#com.hldj.hmyg.MessageListActivity
ADDED from src\main\AndroidManifest.xml:245:9-254:20
	android:screenOrientation
		ADDED from src\main\AndroidManifest.xml:248:13-49
	android:launchMode
		ADDED from src\main\AndroidManifest.xml:247:13-44
	android:name
		ADDED from src\main\AndroidManifest.xml:246:13-58
intent-filter#android.intent.category.DEFAULT+com.jpush.hmeg.message
ADDED from src\main\AndroidManifest.xml:248:9-253:29
action#com.jpush.hmeg.message
ADDED from src\main\AndroidManifest.xml:249:9-250:65
	android:name
		ADDED from src\main\AndroidManifest.xml:250:13-77
activity#com.hldj.hmyg.MessageListDetailActivity
ADDED from src\main\AndroidManifest.xml:257:9-258:61
	android:screenOrientation
		ADDED from src\main\AndroidManifest.xml:257:9-258:61
	android:launchMode
		ADDED from src\main\AndroidManifest.xml:257:9-258:61
	android:name
		ADDED from src\main\AndroidManifest.xml:258:13-88
activity#com.hldj.hmyg.buyer.SaveForCartActivity
ADDED from src\main\AndroidManifest.xml:261:9-262:61
	android:screenOrientation
		ADDED from src\main\AndroidManifest.xml:261:9-262:61
	android:launchMode
		ADDED from src\main\AndroidManifest.xml:261:9-262:61
	android:name
		ADDED from src\main\AndroidManifest.xml:262:13-74
activity#com.hldj.hmyg.buyer.SavePurchaseActivity
ADDED from src\main\AndroidManifest.xml:264:9-265:61
	android:screenOrientation
		ADDED from src\main\AndroidManifest.xml:264:9-265:61
	android:name
		ADDED from src\main\AndroidManifest.xml:265:13-68
activity#com.hldj.hmyg.buyer.QuoteListActivity
ADDED from src\main\AndroidManifest.xml:267:9-268:61
	android:screenOrientation
		ADDED from src\main\AndroidManifest.xml:267:9-268:61
	android:name
		ADDED from src\main\AndroidManifest.xml:268:13-76
activity#com.hldj.hmyg.buyer.PurchaseListActivity
ADDED from src\main\AndroidManifest.xml:270:9-271:61
	android:screenOrientation
		ADDED from src\main\AndroidManifest.xml:270:9-271:61
	android:name
		ADDED from src\main\AndroidManifest.xml:271:13-75
activity#com.hldj.hmyg.buyer.AddPurchaseActivity
ADDED from src\main\AndroidManifest.xml:273:9-274:61
	android:screenOrientation
		ADDED from src\main\AndroidManifest.xml:273:9-274:61
	android:name
		ADDED from src\main\AndroidManifest.xml:274:13-78
activity#com.hldj.hmyg.buyer.SaveReturnApplyActivity
ADDED from src\main\AndroidManifest.xml:276:9-277:61
	android:screenOrientation
		ADDED from src\main\AndroidManifest.xml:276:9-277:61
	android:name
		ADDED from src\main\AndroidManifest.xml:277:13-65
activity#com.hldj.hmyg.buyer.SaveReceipptActivity
ADDED from src\main\AndroidManifest.xml:279:9-280:61
	android:screenOrientation
		ADDED from src\main\AndroidManifest.xml:279:9-280:61
	android:name
		ADDED from src\main\AndroidManifest.xml:280:13-69
activity#com.hldj.hmyg.buyer.CheckOrderActivity
ADDED from src\main\AndroidManifest.xml:282:9-283:61
	android:screenOrientation
		ADDED from src\main\AndroidManifest.xml:282:9-283:61
	android:name
		ADDED from src\main\AndroidManifest.xml:283:13-67
activity#com.hldj.hmyg.buyer.CheckOutValidateActivity
ADDED from src\main\AndroidManifest.xml:285:9-286:61
	android:screenOrientation
		ADDED from src\main\AndroidManifest.xml:285:9-286:61
	android:name
		ADDED from src\main\AndroidManifest.xml:286:13-68
activity#com.hldj.hmyg.buyer.ManagerPurchaseListActivity
ADDED from src\main\AndroidManifest.xml:288:9-289:61
	android:screenOrientation
		ADDED from src\main\AndroidManifest.xml:288:9-289:61
	android:name
		ADDED from src\main\AndroidManifest.xml:289:13-69
activity#com.hldj.hmyg.saler.QuoteDetailActivity
ADDED from src\main\AndroidManifest.xml:291:9-292:61
	android:screenOrientation
		ADDED from src\main\AndroidManifest.xml:291:9-292:61
	android:name
		ADDED from src\main\AndroidManifest.xml:292:13-70
activity#com.hldj.hmyg.saler.SearchActivity
ADDED from src\main\AndroidManifest.xml:294:9-295:61
	android:screenOrientation
		ADDED from src\main\AndroidManifest.xml:294:9-295:61
	android:name
		ADDED from src\main\AndroidManifest.xml:295:13-62
activity#com.hldj.hmyg.buyer.ManagerPurchaseListDetailActivity
ADDED from src\main\AndroidManifest.xml:297:9-298:61
	android:screenOrientation
		ADDED from src\main\AndroidManifest.xml:297:9-298:61
	android:name
		ADDED from src\main\AndroidManifest.xml:298:13-83
activity#com.hldj.hmyg.buyer.StorePurchaseListActivity
ADDED from src\main\AndroidManifest.xml:300:9-301:61
	android:screenOrientation
		ADDED from src\main\AndroidManifest.xml:300:9-301:61
	android:name
		ADDED from src\main\AndroidManifest.xml:301:13-68
activity#com.hldj.hmyg.buyer.ManagerPurchaseActivity
ADDED from src\main\AndroidManifest.xml:303:9-304:61
	android:screenOrientation
		ADDED from src\main\AndroidManifest.xml:303:9-304:61
	android:name
		ADDED from src\main\AndroidManifest.xml:304:13-68
activity#com.hldj.hmyg.buyer.PurchaseDetailActivity
ADDED from src\main\AndroidManifest.xml:306:9-308:61
	android:screenOrientation
		ADDED from src\main\AndroidManifest.xml:308:13-49
	android:launchMode
		ADDED from src\main\AndroidManifest.xml:306:9-308:61
	android:name
		ADDED from src\main\AndroidManifest.xml:307:13-67
activity#com.hldj.hmyg.FeedBackActivity
ADDED from src\main\AndroidManifest.xml:311:9-312:61
	android:screenOrientation
		ADDED from src\main\AndroidManifest.xml:311:9-312:61
	android:launchMode
		ADDED from src\main\AndroidManifest.xml:311:9-312:61
	android:name
		ADDED from src\main\AndroidManifest.xml:312:13-58
activity#com.hldj.hmyg.SetProfileActivity
ADDED from src\main\AndroidManifest.xml:314:9-316:61
	android:screenOrientation
		ADDED from src\main\AndroidManifest.xml:316:13-49
	android:launchMode
		ADDED from src\main\AndroidManifest.xml:314:9-316:61
	android:name
		ADDED from src\main\AndroidManifest.xml:315:13-71
activity#com.hldj.hmyg.SetPasswardActivity
ADDED from src\main\AndroidManifest.xml:319:9-320:61
	android:screenOrientation
		ADDED from src\main\AndroidManifest.xml:319:9-320:61
	android:launchMode
		ADDED from src\main\AndroidManifest.xml:319:9-320:61
	android:name
		ADDED from src\main\AndroidManifest.xml:320:13-66
activity#com.hldj.hmyg.SetPasswardByGetCodeActivity
ADDED from src\main\AndroidManifest.xml:325:50-69
	android:screenOrientation
		ADDED from src\main\AndroidManifest.xml:325:50-69
	android:launchMode
		ADDED from src\main\AndroidManifest.xml:325:50-69
	android:theme
		ADDED from src\main\AndroidManifest.xml:325:50-69
	android:name
		ADDED from src\main\AndroidManifest.xml:325:50-69
activity#com.hldj.hmyg.ChoosePicsActivity
ADDED from src\main\AndroidManifest.xml:325:9-328:61
	android:screenOrientation
		ADDED from src\main\AndroidManifest.xml:328:13-49
	android:name
		ADDED from src\main\AndroidManifest.xml:326:13-67
activity#com.example.listedittext.ParamsListActivity
ADDED from src\main\AndroidManifest.xml:328:9-331:61
	android:screenOrientation
		ADDED from src\main\AndroidManifest.xml:331:13-49
	android:name
		ADDED from src\main\AndroidManifest.xml:329:13-68
activity#com.hldj.hmyg.SetPhoneByGetCodeActivity
ADDED from src\main\AndroidManifest.xml:331:9-334:61
	android:screenOrientation
		ADDED from src\main\AndroidManifest.xml:334:13-49
	android:name
		ADDED from src\main\AndroidManifest.xml:332:13-72
activity#com.hldj.hmyg.BuyerActivity
ADDED from src\main\AndroidManifest.xml:337:9-338:61
	android:screenOrientation
		ADDED from src\main\AndroidManifest.xml:337:9-338:61
	android:launchMode
		ADDED from src\main\AndroidManifest.xml:337:9-338:61
	android:name
		ADDED from src\main\AndroidManifest.xml:338:13-95
activity#com.hldj.hmyg.SalerActivity
ADDED from src\main\AndroidManifest.xml:340:9-342:61
	android:screenOrientation
		ADDED from src\main\AndroidManifest.xml:342:13-49
	android:launchMode
		ADDED from src\main\AndroidManifest.xml:340:9-342:61
	android:name
		ADDED from src\main\AndroidManifest.xml:341:13-86
activity#com.hldj.hmyg.ThematicActivity
ADDED from src\main\AndroidManifest.xml:345:9-346:61
	android:screenOrientation
		ADDED from src\main\AndroidManifest.xml:345:9-346:61
	android:launchMode
		ADDED from src\main\AndroidManifest.xml:345:9-346:61
	android:name
		ADDED from src\main\AndroidManifest.xml:346:13-56
activity#com.zzy.flowers.activity.photoalbum.PhotoActivity
ADDED from src\main\AndroidManifest.xml:348:9-351:97
	android:screenOrientation
		ADDED from src\main\AndroidManifest.xml:351:13-49
	android:windowSoftInputMode
		ADDED from src\main\AndroidManifest.xml:348:9-351:97
	android:name
		ADDED from src\main\AndroidManifest.xml:349:13-60
activity#com.zzy.flowers.activity.photoalbum.PhotoAlbumActivity
ADDED from src\main\AndroidManifest.xml:354:9-355:97
	android:screenOrientation
		ADDED from src\main\AndroidManifest.xml:354:9-355:97
	android:windowSoftInputMode
		ADDED from src\main\AndroidManifest.xml:354:9-355:97
	android:name
		ADDED from src\main\AndroidManifest.xml:355:13-65
activity#com.zzy.flowers.activity.photoalbum.EditGalleryImageActivity
ADDED from src\main\AndroidManifest.xml:360:9-361:97
	android:screenOrientation
		ADDED from src\main\AndroidManifest.xml:360:9-361:97
	android:windowSoftInputMode
		ADDED from src\main\AndroidManifest.xml:360:9-361:97
	android:name
		ADDED from src\main\AndroidManifest.xml:361:13-68
activity#com.hldj.hmyg.saler.ChoosePhotoGalleryActivity
ADDED from src\main\AndroidManifest.xml:363:9-366:97
	android:screenOrientation
		ADDED from src\main\AndroidManifest.xml:366:13-49
	android:windowSoftInputMode
		ADDED from src\main\AndroidManifest.xml:363:9-366:97
	android:name
		ADDED from src\main\AndroidManifest.xml:364:13-69
activity#com.hldj.hmyg.saler.SaveSeedlingActivity
ADDED from src\main\AndroidManifest.xml:366:9-369:61
	android:screenOrientation
		ADDED from src\main\AndroidManifest.xml:369:13-49
	android:name
		ADDED from src\main\AndroidManifest.xml:367:13-72
activity#com.hldj.hmyg.saler.SubscribeManagerListActivity
ADDED from src\main\AndroidManifest.xml:369:9-372:61
	android:screenOrientation
		ADDED from src\main\AndroidManifest.xml:372:13-49
	android:name
		ADDED from src\main\AndroidManifest.xml:370:13-74
activity#com.hldj.hmyg.saler.SubscribeSearchListActivity
ADDED from src\main\AndroidManifest.xml:372:9-375:61
	android:screenOrientation
		ADDED from src\main\AndroidManifest.xml:375:13-49
	android:name
		ADDED from src\main\AndroidManifest.xml:373:13-72
activity#com.hldj.hmyg.saler.purchase.PurchasePyMapActivity
ADDED from src\main\AndroidManifest.xml:375:9-378:61
	android:screenOrientation
		ADDED from src\main\AndroidManifest.xml:378:13-49
	android:name
		ADDED from src\main\AndroidManifest.xml:376:13-65
activity#com.hldj.hmyg.jimiao.SaveMiaoActivity
ADDED from src\main\AndroidManifest.xml:378:9-381:61
	android:screenOrientation
		ADDED from src\main\AndroidManifest.xml:381:13-49
	android:name
		ADDED from src\main\AndroidManifest.xml:379:13-58
activity#com.hldj.hmyg.jimiao.MiaoNoteListActivity
ADDED from src\main\AndroidManifest.xml:381:9-384:61
	android:screenOrientation
		ADDED from src\main\AndroidManifest.xml:384:13-49
	android:name
		ADDED from src\main\AndroidManifest.xml:382:13-65
activity#com.hldj.hmyg.jimiao.MiaoDetailActivity
ADDED from src\main\AndroidManifest.xml:384:9-387:61
	android:screenOrientation
		ADDED from src\main\AndroidManifest.xml:387:13-49
	android:name
		ADDED from src\main\AndroidManifest.xml:385:13-72
activity#com.hldj.hmyg.jimiao.SellectMiaoActivity
ADDED from src\main\AndroidManifest.xml:387:9-390:61
	android:screenOrientation
		ADDED from src\main\AndroidManifest.xml:390:13-49
	android:name
		ADDED from src\main\AndroidManifest.xml:388:13-67
activity#com.hldj.hmyg.saler.SaveSeedlingActivity2
ADDED from src\main\AndroidManifest.xml:390:9-393:61
	android:screenOrientation
		ADDED from src\main\AndroidManifest.xml:393:13-49
	android:name
		ADDED from src\main\AndroidManifest.xml:391:13-68
activity#com.hldj.hmyg.saler.ValidateDetailActivity
ADDED from src\main\AndroidManifest.xml:393:9-396:61
	android:screenOrientation
		ADDED from src\main\AndroidManifest.xml:396:13-49
	android:name
		ADDED from src\main\AndroidManifest.xml:394:13-67
activity#com.hldj.hmyg.saler.EventsActivity
ADDED from src\main\AndroidManifest.xml:397:9-399:61
	android:screenOrientation
		ADDED from src\main\AndroidManifest.xml:399:13-49
	android:name
		ADDED from src\main\AndroidManifest.xml:398:13-72
activity#com.hldj.hmyg.saler.SavePriceAndCountAndOutlineActivity
ADDED from src\main\AndroidManifest.xml:400:9-402:61
	android:screenOrientation
		ADDED from src\main\AndroidManifest.xml:402:13-49
	android:name
		ADDED from src\main\AndroidManifest.xml:401:13-73
activity#com.hldj.hmyg.saler.ChooseParamsActivity
ADDED from src\main\AndroidManifest.xml:403:9-405:61
	android:screenOrientation